action: GLOB, msg: packaging
cwd: C:\IndexaEduardo\SDMX\MDMPyClient
cmd: 'C:\Users\index\AppData\Local\Programs\Python\Python310\python.exe' setup.py sdist --formats=zip --dist-dir '.tox\dist'
running sdist
running egg_info
writing MDMPyClient.egg-info\PKG-INFO
writing dependency_links to MDMPyClient.egg-info\dependency_links.txt
writing top-level names to MDMPyClient.egg-info\top_level.txt
reading manifest file 'MDMPyClient.egg-info\SOURCES.txt'
adding license file 'LICENSE'
writing manifest file 'MDMPyClient.egg-info\SOURCES.txt'
running check
creating MDMPyClient-0.0.0
creating MDMPyClient-0.0.0\MDMPyClient.egg-info
creating MDMPyClient-0.0.0\mdmpyclient
copying files to MDMPyClient-0.0.0...
copying LICENSE -> MDMPyClient-0.0.0
copying README.md -> MDMPyClient-0.0.0
copying setup.cfg -> MDMPyClient-0.0.0
copying setup.py -> MDMPyClient-0.0.0
copying MDMPyClient.egg-info\PKG-INFO -> MDMPyClient-0.0.0\MDMPyClient.egg-info
copying MDMPyClient.egg-info\SOURCES.txt -> MDMPyClient-0.0.0\MDMPyClient.egg-info
copying MDMPyClient.egg-info\dependency_links.txt -> MDMPyClient-0.0.0\MDMPyClient.egg-info
copying MDMPyClient.egg-info\top_level.txt -> MDMPyClient-0.0.0\MDMPyClient.egg-info
copying mdmpyclient\__init__.py -> MDMPyClient-0.0.0\mdmpyclient
copying mdmpyclient\main.py -> MDMPyClient-0.0.0\mdmpyclient
copying mdmpyclient\mdm.py -> MDMPyClient-0.0.0\mdmpyclient
Writing MDMPyClient-0.0.0\setup.cfg
creating '.tox\dist\MDMPyClient-0.0.0.zip' and adding 'MDMPyClient-0.0.0' to it
adding 'MDMPyClient-0.0.0'
adding 'MDMPyClient-0.0.0\mdmpyclient'
adding 'MDMPyClient-0.0.0\MDMPyClient.egg-info'
adding 'MDMPyClient-0.0.0\LICENSE'
adding 'MDMPyClient-0.0.0\PKG-INFO'
adding 'MDMPyClient-0.0.0\README.md'
adding 'MDMPyClient-0.0.0\setup.cfg'
adding 'MDMPyClient-0.0.0\setup.py'
adding 'MDMPyClient-0.0.0\mdmpyclient\main.py'
adding 'MDMPyClient-0.0.0\mdmpyclient\mdm.py'
adding 'MDMPyClient-0.0.0\mdmpyclient\__init__.py'
adding 'MDMPyClient-0.0.0\MDMPyClient.egg-info\dependency_links.txt'
adding 'MDMPyClient-0.0.0\MDMPyClient.egg-info\PKG-INFO'
adding 'MDMPyClient-0.0.0\MDMPyClient.egg-info\SOURCES.txt'
adding 'MDMPyClient-0.0.0\MDMPyClient.egg-info\top_level.txt'
removing 'MDMPyClient-0.0.0' (and everything under it)
